\BOOKMARK [0][-]{chapter.1}{\376\377\122\115\212\000}{}% 1
\BOOKMARK [1][-]{section.1.1}{\376\377\211\217\122\107}{chapter.1}% 2
\BOOKMARK [0][-]{chapter.2}{\376\377\212\016\212\326\202\007\122\006\135\345}{}% 3
\BOOKMARK [1][-]{section.2.1}{\376\377\122\006\135\345}{chapter.2}% 4
\BOOKMARK [1][-]{section.2.2}{\376\377\212\016\212\326\175\000\223\004}{chapter.2}% 5
\BOOKMARK [0][-]{chapter.3}{\376\377\130\064\146\157\136\372\172\313}{}% 6
\BOOKMARK [1][-]{section.3.1}{\376\377\122\115\212\000}{chapter.3}% 7
\BOOKMARK [1][-]{section.3.2}{\376\377\136\372\172\313\164\003\124\341}{chapter.3}% 8
\BOOKMARK [1][-]{section.3.3}{\376\377\136\372\172\313\212\030\122\006\147\177}{chapter.3}% 9
\BOOKMARK [1][-]{section.3.4}{\376\377\136\372\172\313\164\003\130\064}{chapter.3}% 10
\BOOKMARK [0][-]{chapter.4}{\376\377\212\023\175\364\164\260\130\203}{}% 11
\BOOKMARK [1][-]{section.4.1}{\376\377\000C\000o\000p\000p\000e\000l\000i\000a\000S\000i\000m\000E\000d\000u\0004\000.\0005\000.\0001}{chapter.4}% 12
\BOOKMARK [0][-]{chapter.5}{\376\377\152\041\144\354\164\260\130\203}{}% 13
\BOOKMARK [1][-]{section.5.1}{\376\377\152\041\144\354\152\041\127\213}{chapter.5}% 14
\BOOKMARK [1][-]{section.5.2}{\376\377\000C\000o\000p\000p\000e\000l\000i\000a\000S\000i\000m\152\041\144\354}{chapter.5}% 15
\BOOKMARK [2][-]{subsection.5.2.1}{\376\377\117\177\165\050\123\237\126\340}{section.5.2}% 16
\BOOKMARK [2][-]{subsection.5.2.2}{\376\377\000R\000e\000m\000o\000t\000e\000A\000P\000I}{section.5.2}% 17
\BOOKMARK [2][-]{subsection.5.2.3}{\376\377\136\070\165\050\122\237\200\375}{section.5.2}% 18
\BOOKMARK [1][-]{section.5.3}{\376\377\137\161\120\317\206\125\164\006}{chapter.5}% 19
\BOOKMARK [2][-]{subsection.5.3.1}{\376\377\000C\000o\000p\000p\000e\000l\000i\000a\000S\000i\000m\116\055\166\204\000V\000i\000s\000i\000o\000n\000\040\000s\000e\000n\000s\000o\000r\000\050\211\226\211\272\120\263\141\037\126\150\000\051}{section.5.3}% 20
\BOOKMARK [2][-]{subsection.5.3.2}{\376\377\137\161\120\317\217\250\213\130}{section.5.3}% 21
